2015/07/22 14:10:10 にビルドを開始しました。
     1>ノード 2 上のプロジェクト "C:\ProgramData\NVIDIA Corporation\CUDA Samples\v7.0\SamplePrograms_7_0\Sample9_Metaball_Scan\Diffusion2D_vs2010.vcxproj" (rebuild ターゲット)。
     1>CudaClean:
         cmd.exe /C "C:\Users\inui\AppData\Local\Temp\tmp3997216781394621aeff77032395caaf.cmd"
         "C:\Program Files\NVIDIA GPU Computing Toolkit\CUDA\v7.0\bin\nvcc.exe" -ccbin "C:\Program Files (x86)\Microsoft Visual Studio 10.0\VC\bin\x86_amd64"  -I./ -I../../common/inc -I./ -I"C:\Program Files\NVIDIA GPU Computing Toolkit\CUDA\v7.0\/include" -I../../common/inc -I"C:\Program Files\NVIDIA GPU Computing Toolkit\CUDA\v7.0\include"     --keep-dir x64\Release -maxrregcount=0  --machine 64 --compile  -Xcompiler "/wd 4819"     -DWIN32 -DWIN32 -D_MBCS -D_MBCS -Xcompiler "/EHsc /W3 /nologo /O2 /Zi  /MT  " -o x64/Release/Metaball_kernel.cu.obj "C:\ProgramData\NVIDIA Corporation\CUDA Samples\v7.0\SamplePrograms_7_0\Sample9_Metaball_Scan\Metaball_kernel.cu" -clean
         
         C:\ProgramData\NVIDIA Corporation\CUDA Samples\v7.0\SamplePrograms_7_0\Sample9_Metaball_Scan>"C:\Program Files\NVIDIA GPU Computing Toolkit\CUDA\v7.0\bin\nvcc.exe" -ccbin "C:\Program Files (x86)\Microsoft Visual Studio 10.0\VC\bin\x86_amd64"  -I./ -I../../common/inc -I./ -I"C:\Program Files\NVIDIA GPU Computing Toolkit\CUDA\v7.0\/include" -I../../common/inc -I"C:\Program Files\NVIDIA GPU Computing Toolkit\CUDA\v7.0\include"     --keep-dir x64\Release -maxrregcount=0  --machine 64 --compile  -Xcompiler "/wd 4819"     -DWIN32 -DWIN32 -D_MBCS -D_MBCS -Xcompiler "/EHsc /W3 /nologo /O2 /Zi  /MT  " -o x64/Release/Metaball_kernel.cu.obj "C:\ProgramData\NVIDIA Corporation\CUDA Samples\v7.0\SamplePrograms_7_0\Sample9_Metaball_Scan\Metaball_kernel.cu" -clean 
         Metaball_kernel.cu
         ファイル "x64/Release/Metaball_kernel.cu.deps" を削除しています。
       InitializeBuildStatus:
         "AlwaysCreate" が指定されたため "x64/Release/Metaball.unsuccessfulbuild" を作成しています。
       AddCudaCompileDeps:
         C:\Program Files (x86)\Microsoft Visual Studio 10.0\VC\bin\x86_amd64\cl.exe /E /nologo /showIncludes /TP /D__CUDACC__ /DWIN32 /DWIN32 /D_MBCS /D_MBCS /I./ /I../../common/inc /I./ /I"C:\Program Files\NVIDIA GPU Computing Toolkit\CUDA\v7.0\/include" /I../../common/inc /I"C:\Program Files\NVIDIA GPU Computing Toolkit\CUDA\v7.0\bin" /I"C:\Program Files\NVIDIA GPU Computing Toolkit\CUDA\v7.0\include" /I. /FIcuda_runtime.h /c "C:\ProgramData\NVIDIA Corporation\CUDA Samples\v7.0\SamplePrograms_7_0\Sample9_Metaball_Scan\Metaball_kernel.cu" 
       CudaBuild:
         Compiling CUDA source file Metaball_kernel.cu...
         cmd.exe /C "C:\Users\inui\AppData\Local\Temp\tmpfea9e7096c07478f959a5b4a6cac79a2.cmd"
         "C:\Program Files\NVIDIA GPU Computing Toolkit\CUDA\v7.0\bin\nvcc.exe" -gencode=arch=compute_20,code=\"sm_20,compute_20\" -gencode=arch=compute_30,code=\"sm_30,compute_30\" -gencode=arch=compute_35,code=\"sm_35,compute_35\" -gencode=arch=compute_37,code=\"sm_37,compute_37\" -gencode=arch=compute_50,code=\"sm_50,compute_50\" -gencode=arch=compute_52,code=\"sm_52,compute_52\" --use-local-env --cl-version 2010 -ccbin "C:\Program Files (x86)\Microsoft Visual Studio 10.0\VC\bin\x86_amd64"  -I./ -I../../common/inc -I./ -I"C:\Program Files\NVIDIA GPU Computing Toolkit\CUDA\v7.0\/include" -I../../common/inc -I"C:\Program Files\NVIDIA GPU Computing Toolkit\CUDA\v7.0\include"     --keep-dir x64\Release -maxrregcount=0  --machine 64 --compile -cudart static -Xcompiler "/wd 4819"     -DWIN32 -DWIN32 -D_MBCS -D_MBCS -Xcompiler "/EHsc /W3 /nologo /O2 /Zi  /MT  " -o x64/Release/Metaball_kernel.cu.obj "C:\ProgramData\NVIDIA Corporation\CUDA Samples\v7.0\SamplePrograms_7_0\Sample9_Metaball_Scan\Metaball_kernel.cu"
         
         C:\ProgramData\NVIDIA Corporation\CUDA Samples\v7.0\SamplePrograms_7_0\Sample9_Metaball_Scan>"C:\Program Files\NVIDIA GPU Computing Toolkit\CUDA\v7.0\bin\nvcc.exe" -gencode=arch=compute_20,code=\"sm_20,compute_20\" -gencode=arch=compute_30,code=\"sm_30,compute_30\" -gencode=arch=compute_35,code=\"sm_35,compute_35\" -gencode=arch=compute_37,code=\"sm_37,compute_37\" -gencode=arch=compute_50,code=\"sm_50,compute_50\" -gencode=arch=compute_52,code=\"sm_52,compute_52\" --use-local-env --cl-version 2010 -ccbin "C:\Program Files (x86)\Microsoft Visual Studio 10.0\VC\bin\x86_amd64"  -I./ -I../../common/inc -I./ -I"C:\Program Files\NVIDIA GPU Computing Toolkit\CUDA\v7.0\/include" -I../../common/inc -I"C:\Program Files\NVIDIA GPU Computing Toolkit\CUDA\v7.0\include"     --keep-dir x64\Release -maxrregcount=0  --machine 64 --compile -cudart static -Xcompiler "/wd 4819"     -DWIN32 -DWIN32 -D_MBCS -D_MBCS -Xcompiler "/EHsc /W3 /nologo /O2 /Zi  /MT  " -o x64/Release/Metaball_kernel.cu.obj "C:\ProgramData\NVIDIA Corporation\CUDA Samples\v7.0\SamplePrograms_7_0\Sample9_Metaball_Scan\Metaball_kernel.cu" 
         Metaball_kernel.cu
     1>C:\Program Files\NVIDIA GPU Computing Toolkit\CUDA\v7.0\include\thrust/system/cuda/detail/bulk/execution_policy.hpp(241): warning C4267: '引数' : 'size_t' から 'thrust::system::cuda::detail::bulk_::parallel_group<>::size_type' に変換しました。データが失われているかもしれません。
     1>C:\Program Files\NVIDIA GPU Computing Toolkit\CUDA\v7.0\include\thrust/system/cuda/detail/bulk/execution_policy.hpp(303): warning C4267: '引数' : 'size_t' から 'thrust::system::cuda::detail::bulk_::parallel_group<>::size_type' に変換しました。データが失われているかもしれません。
     1>C:\Program Files\NVIDIA GPU Computing Toolkit\CUDA\v7.0\include\thrust/system/cuda/detail/bulk/execution_policy.hpp(319): warning C4267: '引数' : 'size_t' から 'thrust::system::cuda::detail::bulk_::parallel_group<>::size_type' に変換しました。データが失われているかもしれません。
     1>C:\Program Files\NVIDIA GPU Computing Toolkit\CUDA\v7.0\include\thrust/system/cuda/detail/bulk/execution_policy.hpp(439): warning C4267: '引数' : 'size_t' から 'thrust::system::cuda::detail::bulk_::concurrent_group<>::size_type' に変換しました。データが失われているかもしれません。
     1>C:\Program Files\NVIDIA GPU Computing Toolkit\CUDA\v7.0\include\thrust/system/cuda/detail/bulk/execution_policy.hpp(439): warning C4267: '引数' : 'size_t' から 'thrust::system::cuda::detail::bulk_::concurrent_group<>::size_type' に変換しました。データが失われているかもしれません。
     1>C:\Program Files\NVIDIA GPU Computing Toolkit\CUDA\v7.0\include\thrust/system/cuda/detail/bulk/execution_policy.hpp(250): warning C4267: '引数' : 'size_t' から 'thrust::system::cuda::detail::bulk_::parallel_group<ExecutionAgent>::size_type' に変換しました。データが失われているかもしれません。
                 with
                 [
                     ExecutionAgent=thrust::system::cuda::detail::bulk_::concurrent_group<>
                 ]
                 C:\Program Files\NVIDIA GPU Computing Toolkit\CUDA\v7.0\include\thrust/system/cuda/detail/bulk/execution_policy.hpp(625) : コンパイルされたクラスの テンプレート のインスタンス化 'thrust::system::cuda::detail::bulk_::parallel_group<ExecutionAgent> thrust::system::cuda::detail::bulk_::par<thrust::system::cuda::detail::bulk_::concurrent_group<>>(ExecutionAgent,size_t)' の参照を確認してください
                 with
                 [
                     ExecutionAgent=thrust::system::cuda::detail::bulk_::concurrent_group<>
                 ]
     1>C:\Program Files\NVIDIA GPU Computing Toolkit\CUDA\v7.0\include\thrust/system/cuda/detail/bulk/execution_policy.hpp(458): warning C4267: '引数' : 'size_t' から 'thrust::system::cuda::detail::bulk_::concurrent_group<ExecutionAgent,size_>::size_type' に変換しました。データが失われているかもしれません。
                 with
                 [
                     ExecutionAgent=thrust::system::cuda::detail::bulk_::agent<0x03>,
                     size_=0x0200
                 ]
                 C:\Program Files\NVIDIA GPU Computing Toolkit\CUDA\v7.0\include\thrust/system/cuda/detail/bulk/execution_policy.hpp(667) : コンパイルされたクラスの テンプレート のインスタンス化 'thrust::system::cuda::detail::bulk_::concurrent_group<ExecutionAgent,size_> thrust::system::cuda::detail::bulk_::con<0x0200,0x03>(size_t)' の参照を確認してください
                 with
                 [
                     ExecutionAgent=thrust::system::cuda::detail::bulk_::agent<0x03>,
                     size_=0x0200
                 ]
                 C:\Program Files\NVIDIA GPU Computing Toolkit\CUDA\v7.0\include\thrust/system/cuda/detail/scan.inl(323) : コンパイルされたクラスの テンプレート のインスタンス化 'thrust::system::cuda::detail::bulk_::async_launch<ExecutionAgent> thrust::system::cuda::detail::bulk_::grid<0x0200,0x03>(size_t,size_t,cudaStream_t)' の参照を確認してください
                 with
                 [
                     ExecutionAgent=thrust::system::cuda::detail::bulk_::parallel_group<thrust::system::cuda::detail::bulk_::concurrent_group<thrust::system::cuda::detail::bulk_::agent<0x03>,0x0200>,0x00>
                 ]
                 C:\Program Files\NVIDIA GPU Computing Toolkit\CUDA\v7.0\include\thrust/system/cuda/detail/scan.inl(458) : コンパイルされたクラスの テンプレート のインスタンス化 'OutputIterator thrust::system::cuda::detail::scan_detail::exclusive_scan<thrust::system::cuda::detail::tag,InputIterator,OutputIterator,T,AssociativeOperator>(thrust::system::cuda::detail::execution_policy<thrust::system::cuda::detail::tag> &,InputIterator,InputIterator,OutputIterator,T,AssociativeOperator)' の参照を確認してください
                 with
                 [
                     OutputIterator=thrust::device_ptr<unsigned int>,
                     InputIterator=thrust::device_ptr<unsigned int>,
                     T=ValueType,
                     AssociativeOperator=thrust::plus<unsigned int>
                 ]
                 C:\Program Files\NVIDIA GPU Computing Toolkit\CUDA\v7.0\include\thrust/system/detail/generic/scan.inl(105) : コンパイルされたクラスの テンプレート のインスタンス化 'OutputIterator thrust::exclusive_scan<DerivedPolicy,InputIterator,OutputIterator,T,thrust::plus<T>>(const thrust::detail::execution_policy_base<DerivedPolicy> &,InputIterator,InputIterator,OutputIterator,T,AssociativeOperator)' の参照を確認してください
                 with
                 [
                     OutputIterator=thrust::device_ptr<unsigned int>,
                     DerivedPolicy=thrust::system::cuda::detail::tag,
                     InputIterator=thrust::device_ptr<unsigned int>,
                     T=ValueType,
                     AssociativeOperator=thrust::plus<unsigned int>
                 ]
                 C:\Program Files\NVIDIA GPU Computing Toolkit\CUDA\v7.0\include\thrust/detail/scan.inl(95) : コンパイルされたクラスの テンプレート のインスタンス化 'OutputIterator thrust::system::detail::generic::exclusive_scan<thrust::system::cuda::detail::tag,InputIterator,OutputIterator,T>(thrust::execution_policy<DerivedPolicy> &,InputIterator,InputIterator,OutputIterator,T)' の参照を確認してください
                 with
                 [
                     OutputIterator=thrust::device_ptr<unsigned int>,
                     InputIterator=thrust::device_ptr<unsigned int>,
                     T=ValueType,
                     DerivedPolicy=thrust::system::cuda::detail::tag
                 ]
                 C:\Program Files\NVIDIA GPU Computing Toolkit\CUDA\v7.0\include\thrust/system/detail/generic/scan.inl(89) : コンパイルされたクラスの テンプレート のインスタンス化 'OutputIterator thrust::exclusive_scan<DerivedPolicy,InputIterator,OutputIterator,ValueType>(const thrust::detail::execution_policy_base<DerivedPolicy> &,InputIterator,InputIterator,OutputIterator,T)' の参照を確認してください
                 with
                 [
                     OutputIterator=thrust::device_ptr<unsigned int>,
                     DerivedPolicy=thrust::system::cuda::detail::tag,
                     InputIterator=thrust::device_ptr<unsigned int>,
                     T=ValueType
                 ]
                 C:\Program Files\NVIDIA GPU Computing Toolkit\CUDA\v7.0\include\thrust/detail/scan.inl(78) : コンパイルされたクラスの テンプレート のインスタンス化 'OutputIterator thrust::system::detail::generic::exclusive_scan<thrust::system::cuda::detail::tag,InputIterator,OutputIterator>(thrust::execution_policy<DerivedPolicy> &,InputIterator,InputIterator,OutputIterator)' の参照を確認してください
                 with
                 [
                     OutputIterator=thrust::device_ptr<unsigned int>,
                     InputIterator=thrust::device_ptr<unsigned int>,
                     DerivedPolicy=thrust::system::cuda::detail::tag
                 ]
                 C:\Program Files\NVIDIA GPU Computing Toolkit\CUDA\v7.0\include\thrust/detail/scan.inl(307) : コンパイルされたクラスの テンプレート のインスタンス化 'OutputIterator thrust::exclusive_scan<DerivedPolicy,InputIterator,OutputIterator>(const thrust::detail::execution_policy_base<DerivedPolicy> &,InputIterator,InputIterator,OutputIterator)' の参照を確認してください
                 with
                 [
                     OutputIterator=thrust::device_ptr<unsigned int>,
                     DerivedPolicy=thrust::system::cuda::detail::tag,
                     InputIterator=thrust::device_ptr<unsigned int>
                 ]
                 C:/ProgramData/NVIDIA Corporation/CUDA Samples/v7.0/SamplePrograms_7_0/Sample9_Metaball_Scan/Metaball_kernel.cu(163) : コンパイルされたクラスの テンプレート のインスタンス化 'OutputIterator thrust::exclusive_scan<thrust::device_ptr<T>,thrust::device_ptr<T>>(InputIterator,InputIterator,OutputIterator)' の参照を確認してください
                 with
                 [
                     OutputIterator=thrust::device_ptr<unsigned int>,
                     T=unsigned int,
                     InputIterator=thrust::device_ptr<unsigned int>
                 ]
     1>C:\Program Files\NVIDIA GPU Computing Toolkit\CUDA\v7.0\include\thrust/system/cuda/detail/bulk/execution_policy.hpp(458): warning C4267: '引数' : 'size_t' から 'thrust::system::cuda::detail::bulk_::concurrent_group<ExecutionAgent,size_>::size_type' に変換しました。データが失われているかもしれません。
                 with
                 [
                     ExecutionAgent=thrust::system::cuda::detail::bulk_::agent<0x09>,
                     size_=0x080
                 ]
                 C:\Program Files\NVIDIA GPU Computing Toolkit\CUDA\v7.0\include\thrust/system/cuda/detail/bulk/execution_policy.hpp(667) : コンパイルされたクラスの テンプレート のインスタンス化 'thrust::system::cuda::detail::bulk_::concurrent_group<ExecutionAgent,size_> thrust::system::cuda::detail::bulk_::con<0x080,0x09>(size_t)' の参照を確認してください
                 with
                 [
                     ExecutionAgent=thrust::system::cuda::detail::bulk_::agent<0x09>,
                     size_=0x080
                 ]
                 C:\Program Files\NVIDIA GPU Computing Toolkit\CUDA\v7.0\include\thrust/system/cuda/detail/scan.inl(347) : コンパイルされたクラスの テンプレート のインスタンス化 'thrust::system::cuda::detail::bulk_::async_launch<ExecutionAgent> thrust::system::cuda::detail::bulk_::grid<0x080,0x09>(size_t,size_t,cudaStream_t)' の参照を確認してください
                 with
                 [
                     ExecutionAgent=thrust::system::cuda::detail::bulk_::parallel_group<thrust::system::cuda::detail::bulk_::concurrent_group<thrust::system::cuda::detail::bulk_::agent<0x09>,0x080>,0x00>
                 ]
     1>C:\Program Files\NVIDIA GPU Computing Toolkit\CUDA\v7.0\include\thrust/system/cuda/detail/bulk/execution_policy.hpp(458): warning C4267: '引数' : 'size_t' から 'thrust::system::cuda::detail::bulk_::concurrent_group<ExecutionAgent,size_>::size_type' に変換しました。データが失われているかもしれません。
                 with
                 [
                     ExecutionAgent=thrust::system::cuda::detail::bulk_::agent<0x03>,
                     size_=0x0100
                 ]
                 C:\Program Files\NVIDIA GPU Computing Toolkit\CUDA\v7.0\include\thrust/system/cuda/detail/bulk/execution_policy.hpp(667) : コンパイルされたクラスの テンプレート のインスタンス化 'thrust::system::cuda::detail::bulk_::concurrent_group<ExecutionAgent,size_> thrust::system::cuda::detail::bulk_::con<0x0100,0x03>(size_t)' の参照を確認してください
                 with
                 [
                     ExecutionAgent=thrust::system::cuda::detail::bulk_::agent<0x03>,
                     size_=0x0100
                 ]
                 C:\Program Files\NVIDIA GPU Computing Toolkit\CUDA\v7.0\include\thrust/system/cuda/detail/scan.inl(356) : コンパイルされたクラスの テンプレート のインスタンス化 'thrust::system::cuda::detail::bulk_::async_launch<ExecutionAgent> thrust::system::cuda::detail::bulk_::grid<0x0100,0x03>(size_t,size_t,cudaStream_t)' の参照を確認してください
                 with
                 [
                     ExecutionAgent=thrust::system::cuda::detail::bulk_::parallel_group<thrust::system::cuda::detail::bulk_::concurrent_group<thrust::system::cuda::detail::bulk_::agent<0x03>,0x0100>,0x00>
                 ]
     1>C:\Program Files\NVIDIA GPU Computing Toolkit\CUDA\v7.0\include\thrust/system/cuda/detail/bulk/execution_policy.hpp(250): warning C4267: '引数' : 'size_t' から 'thrust::system::cuda::detail::bulk_::parallel_group<ExecutionAgent,size_>::size_type' に変換しました。データが失われているかもしれません。
                 with
                 [
                     ExecutionAgent=thrust::system::cuda::detail::bulk_::concurrent_group<thrust::system::cuda::detail::bulk_::agent<0x03>,0x0200>,
                     size_=0x00
                 ]
                 C:\Program Files\NVIDIA GPU Computing Toolkit\CUDA\v7.0\include\thrust/system/cuda/detail/bulk/execution_policy.hpp(311) : コンパイルされたクラスの テンプレート のインスタンス化 'thrust::system::cuda::detail::bulk_::parallel_group<ExecutionAgent,size_> thrust::system::cuda::detail::bulk_::par<ExecutionAgent>(ExecutionAgent,size_t)' の参照を確認してください
                 with
                 [
                     ExecutionAgent=thrust::system::cuda::detail::bulk_::concurrent_group<thrust::system::cuda::detail::bulk_::agent<0x03>,0x0200>,
                     size_=0x00
                 ]
                 C:\Program Files\NVIDIA GPU Computing Toolkit\CUDA\v7.0\include\thrust/system/cuda/detail/bulk/execution_policy.hpp(667) : コンパイルされたクラスの テンプレート のインスタンス化 'thrust::system::cuda::detail::bulk_::async_launch<ExecutionAgent> thrust::system::cuda::detail::bulk_::par<thrust::system::cuda::detail::bulk_::concurrent_group<thrust::system::cuda::detail::bulk_::agent<grainsize_>,size_>>(cudaStream_t,thrust::system::cuda::detail::bulk_::concurrent_group<thrust::system::cuda::detail::bulk_::agent<grainsize_>,size_>,size_t)' の参照を確認してください
                 with
                 [
                     ExecutionAgent=thrust::system::cuda::detail::bulk_::parallel_group<thrust::system::cuda::detail::bulk_::concurrent_group<thrust::system::cuda::detail::bulk_::agent<0x03>,0x0200>,0x00>,
                     grainsize_=0x03,
                     size_=0x0200
                 ]
     1>C:\Program Files\NVIDIA GPU Computing Toolkit\CUDA\v7.0\include\thrust/system/cuda/detail/bulk/execution_policy.hpp(250): warning C4267: '引数' : 'size_t' から 'thrust::system::cuda::detail::bulk_::parallel_group<ExecutionAgent,size_>::size_type' に変換しました。データが失われているかもしれません。
                 with
                 [
                     ExecutionAgent=thrust::system::cuda::detail::bulk_::concurrent_group<thrust::system::cuda::detail::bulk_::agent<0x09>,0x080>,
                     size_=0x00
                 ]
                 C:\Program Files\NVIDIA GPU Computing Toolkit\CUDA\v7.0\include\thrust/system/cuda/detail/bulk/execution_policy.hpp(311) : コンパイルされたクラスの テンプレート のインスタンス化 'thrust::system::cuda::detail::bulk_::parallel_group<ExecutionAgent,size_> thrust::system::cuda::detail::bulk_::par<ExecutionAgent>(ExecutionAgent,size_t)' の参照を確認してください
                 with
                 [
                     ExecutionAgent=thrust::system::cuda::detail::bulk_::concurrent_group<thrust::system::cuda::detail::bulk_::agent<0x09>,0x080>,
                     size_=0x00
                 ]
                 C:\Program Files\NVIDIA GPU Computing Toolkit\CUDA\v7.0\include\thrust/system/cuda/detail/bulk/execution_policy.hpp(667) : コンパイルされたクラスの テンプレート のインスタンス化 'thrust::system::cuda::detail::bulk_::async_launch<ExecutionAgent> thrust::system::cuda::detail::bulk_::par<thrust::system::cuda::detail::bulk_::concurrent_group<thrust::system::cuda::detail::bulk_::agent<grainsize_>,size_>>(cudaStream_t,thrust::system::cuda::detail::bulk_::concurrent_group<thrust::system::cuda::detail::bulk_::agent<grainsize_>,size_>,size_t)' の参照を確認してください
                 with
                 [
                     ExecutionAgent=thrust::system::cuda::detail::bulk_::parallel_group<thrust::system::cuda::detail::bulk_::concurrent_group<thrust::system::cuda::detail::bulk_::agent<0x09>,0x080>,0x00>,
                     grainsize_=0x09,
                     size_=0x080
                 ]
     1>C:\Program Files\NVIDIA GPU Computing Toolkit\CUDA\v7.0\include\thrust/system/cuda/detail/bulk/execution_policy.hpp(250): warning C4267: '引数' : 'size_t' から 'thrust::system::cuda::detail::bulk_::parallel_group<ExecutionAgent,size_>::size_type' に変換しました。データが失われているかもしれません。
                 with
                 [
                     ExecutionAgent=thrust::system::cuda::detail::bulk_::concurrent_group<thrust::system::cuda::detail::bulk_::agent<0x03>,0x0100>,
                     size_=0x00
                 ]
                 C:\Program Files\NVIDIA GPU Computing Toolkit\CUDA\v7.0\include\thrust/system/cuda/detail/bulk/execution_policy.hpp(311) : コンパイルされたクラスの テンプレート のインスタンス化 'thrust::system::cuda::detail::bulk_::parallel_group<ExecutionAgent,size_> thrust::system::cuda::detail::bulk_::par<ExecutionAgent>(ExecutionAgent,size_t)' の参照を確認してください
                 with
                 [
                     ExecutionAgent=thrust::system::cuda::detail::bulk_::concurrent_group<thrust::system::cuda::detail::bulk_::agent<0x03>,0x0100>,
                     size_=0x00
                 ]
                 C:\Program Files\NVIDIA GPU Computing Toolkit\CUDA\v7.0\include\thrust/system/cuda/detail/bulk/execution_policy.hpp(667) : コンパイルされたクラスの テンプレート のインスタンス化 'thrust::system::cuda::detail::bulk_::async_launch<ExecutionAgent> thrust::system::cuda::detail::bulk_::par<thrust::system::cuda::detail::bulk_::concurrent_group<thrust::system::cuda::detail::bulk_::agent<grainsize_>,size_>>(cudaStream_t,thrust::system::cuda::detail::bulk_::concurrent_group<thrust::system::cuda::detail::bulk_::agent<grainsize_>,size_>,size_t)' の参照を確認してください
                 with
                 [
                     ExecutionAgent=thrust::system::cuda::detail::bulk_::parallel_group<thrust::system::cuda::detail::bulk_::concurrent_group<thrust::system::cuda::detail::bulk_::agent<0x03>,0x0100>,0x00>,
                     grainsize_=0x03,
                     size_=0x0100
                 ]
     1>C:\Program Files\NVIDIA GPU Computing Toolkit\CUDA\v7.0\include\thrust/system/cuda/detail/bulk/detail/cuda_launcher/cuda_launcher.hpp(155): warning C4267: 'return' : 'size_t' から 'int' に変換しました。データが失われているかもしれません。
                 C:\Program Files\NVIDIA GPU Computing Toolkit\CUDA\v7.0\include\thrust/system/cuda/detail/bulk/detail/cuda_launcher/cuda_launcher.hpp(148): クラス テンプレート のメンバー関数 'int thrust::system::cuda::detail::bulk_::detail::cuda_launcher_base<block_size_,ExecutionGroup,Closure>::choose_group_size(int)' のコンパイル中
                 with
                 [
                     block_size_=512,
                     ExecutionGroup=thrust::system::cuda::detail::bulk_::parallel_group<thrust::system::cuda::detail::bulk_::concurrent_group<thrust::system::cuda::detail::bulk_::agent<0x03>,0x0200>,0x00>,
                     Closure=thrust::system::cuda::detail::bulk_::detail::closure<thrust::system::cuda::detail::scan_detail::exclusive_scan_n,thrust::tuple<thrust::system::cuda::detail::bulk_::detail::cursor<1>,thrust::device_ptr<unsigned int>,__int64,thrust::device_ptr<unsigned int>,unsigned int,thrust::plus<unsigned int>,thrust::null_type,thrust::null_type,thrust::null_type,thrust::null_type>>
                 ]
                 C:\Program Files\NVIDIA GPU Computing Toolkit\CUDA\v7.0\include\thrust/system/cuda/detail/bulk/detail/cuda_launcher/cuda_launcher.hpp(228) : コンパイルされたクラスの テンプレート のインスタンス化 'thrust::system::cuda::detail::bulk_::detail::cuda_launcher_base<block_size_,ExecutionGroup,Closure>' の参照を確認してください
                 with
                 [
                     block_size_=512,
                     ExecutionGroup=thrust::system::cuda::detail::bulk_::parallel_group<thrust::system::cuda::detail::bulk_::concurrent_group<thrust::system::cuda::detail::bulk_::agent<0x03>,0x0200>,0x00>,
                     Closure=thrust::system::cuda::detail::bulk_::detail::closure<thrust::system::cuda::detail::scan_detail::exclusive_scan_n,thrust::tuple<thrust::system::cuda::detail::bulk_::detail::cursor<1>,thrust::device_ptr<unsigned int>,__int64,thrust::device_ptr<unsigned int>,unsigned int,thrust::plus<unsigned int>,thrust::null_type,thrust::null_type,thrust::null_type,thrust::null_type>>
                 ]
                 C:\Program Files\NVIDIA GPU Computing Toolkit\CUDA\v7.0\include\thrust/system/cuda/detail/bulk/detail/async.inl(45) : コンパイルされたクラスの テンプレート のインスタンス化 'thrust::system::cuda::detail::bulk_::detail::cuda_launcher<ExecutionGroup,Closure>' の参照を確認してください
                 with
                 [
                     ExecutionGroup=thrust::system::cuda::detail::bulk_::parallel_group<thrust::system::cuda::detail::bulk_::concurrent_group<thrust::system::cuda::detail::bulk_::agent<0x03>,0x0200>,0x00>,
                     Closure=thrust::system::cuda::detail::bulk_::detail::closure<thrust::system::cuda::detail::scan_detail::exclusive_scan_n,thrust::tuple<thrust::system::cuda::detail::bulk_::detail::cursor<1>,thrust::device_ptr<unsigned int>,__int64,thrust::device_ptr<unsigned int>,unsigned int,thrust::plus<unsigned int>,thrust::null_type,thrust::null_type,thrust::null_type,thrust::null_type>>
                 ]
                 C:\Program Files\NVIDIA GPU Computing Toolkit\CUDA\v7.0\include\thrust/system/cuda/detail/bulk/detail/async.inl(96) : コンパイルされたクラスの テンプレート のインスタンス化 'thrust::system::cuda::detail::bulk_::future<void> thrust::system::cuda::detail::bulk_::detail::async_in_stream<ExecutionAgent,Closure>(ExecutionGroup,Closure,cudaStream_t,cudaEvent_t)' の参照を確認してください
                 with
                 [
                     ExecutionAgent=thrust::system::cuda::detail::bulk_::parallel_group<thrust::system::cuda::detail::bulk_::concurrent_group<thrust::system::cuda::detail::bulk_::agent<0x03>,0x0200>,0x00>,
                     Closure=thrust::system::cuda::detail::bulk_::detail::closure<thrust::system::cuda::detail::scan_detail::exclusive_scan_n,thrust::tuple<thrust::system::cuda::detail::bulk_::detail::cursor<1>,thrust::device_ptr<unsigned int>,__int64,thrust::device_ptr<unsigned int>,unsigned int,thrust::plus<unsigned int>,thrust::null_type,thrust::null_type,thrust::null_type,thrust::null_type>>,
                     ExecutionGroup=thrust::system::cuda::detail::bulk_::parallel_group<thrust::system::cuda::detail::bulk_::concurrent_group<thrust::system::cuda::detail::bulk_::agent<0x03>,0x0200>,0x00>
                 ]
                 C:\Program Files\NVIDIA GPU Computing Toolkit\CUDA\v7.0\include\thrust/system/cuda/detail/bulk/detail/async.inl(157) : コンパイルされたクラスの テンプレート のインスタンス化 'thrust::system::cuda::detail::bulk_::future<void> thrust::system::cuda::detail::bulk_::detail::async<thrust::system::cuda::detail::bulk_::parallel_group<ExecutionAgent,size_>,thrust::system::cuda::detail::bulk_::detail::closure<Function,Tuple>>(thrust::system::cuda::detail::bulk_::async_launch<thrust::system::cuda::detail::bulk_::parallel_group<ExecutionAgent,size_>>,Closure)' の参照を確認してください
                 with
                 [
                     ExecutionAgent=thrust::system::cuda::detail::bulk_::concurrent_group<thrust::system::cuda::detail::bulk_::agent<0x03>,0x0200>,
                     size_=0x00,
                     Function=thrust::system::cuda::detail::scan_detail::exclusive_scan_n,
                     Tuple=thrust::tuple<thrust::system::cuda::detail::bulk_::detail::cursor<1>,thrust::device_ptr<unsigned int>,__int64,thrust::device_ptr<unsigned int>,unsigned int,thrust::plus<unsigned int>,thrust::null_type,thrust::null_type,thrust::null_type,thrust::null_type>,
                     Closure=thrust::system::cuda::detail::bulk_::detail::closure<thrust::system::cuda::detail::scan_detail::exclusive_scan_n,thrust::tuple<thrust::system::cuda::detail::bulk_::detail::cursor<1>,thrust::device_ptr<unsigned int>,__int64,thrust::device_ptr<unsigned int>,unsigned int,thrust::plus<unsigned int>,thrust::null_type,thrust::null_type,thrust::null_type,thrust::null_type>>
                 ]
                 C:\Program Files\NVIDIA GPU Computing Toolkit\CUDA\v7.0\include\thrust/system/cuda/detail/scan.inl(323) : コンパイルされたクラスの テンプレート のインスタンス化 'thrust::system::cuda::detail::bulk_::future<void> thrust::system::cuda::detail::bulk_::async<thrust::system::cuda::detail::bulk_::async_launch<ExecutionAgent>,thrust::system::cuda::detail::scan_detail::exclusive_scan_n,thrust::system::cuda::detail::bulk_::detail::cursor<d>,InputIterator,Size,OutputIterator,T,AssociativeOperator>(ExecutionGroup,Function,Arg1,Arg2,Arg3,Arg4,Arg5,Arg6)' の参照を確認してください
                 with
                 [
                     ExecutionAgent=thrust::system::cuda::detail::bulk_::parallel_group<thrust::system::cuda::detail::bulk_::concurrent_group<thrust::system::cuda::detail::bulk_::agent<0x03>,0x0200>,0x00>,
                     d=1,
                     InputIterator=thrust::device_ptr<unsigned int>,
                     OutputIterator=thrust::device_ptr<unsigned int>,
                     T=ValueType,
                     AssociativeOperator=thrust::plus<unsigned int>,
                     ExecutionGroup=thrust::system::cuda::detail::bulk_::async_launch<thrust::system::cuda::detail::bulk_::parallel_group<thrust::system::cuda::detail::bulk_::concurrent_group<thrust::system::cuda::detail::bulk_::agent<0x03>,0x0200>,0x00>>,
                     Function=thrust::system::cuda::detail::scan_detail::exclusive_scan_n,
                     Arg1=thrust::system::cuda::detail::bulk_::detail::cursor<1>,
                     Arg2=thrust::device_ptr<unsigned int>,
                     Arg3=Size,
                     Arg4=thrust::device_ptr<unsigned int>,
                     Arg5=ValueType,
                     Arg6=thrust::plus<unsigned int>
                 ]
     1>C:\Program Files\NVIDIA GPU Computing Toolkit\CUDA\v7.0\include\thrust/system/cuda/detail/bulk/detail/cuda_launcher/cuda_launcher.hpp(155): warning C4267: 'return' : 'size_t' から 'int' に変換しました。データが失われているかもしれません。
                 C:\Program Files\NVIDIA GPU Computing Toolkit\CUDA\v7.0\include\thrust/system/cuda/detail/bulk/detail/cuda_launcher/cuda_launcher.hpp(148): クラス テンプレート のメンバー関数 'int thrust::system::cuda::detail::bulk_::detail::cuda_launcher_base<block_size_,ExecutionGroup,Closure>::choose_group_size(int)' のコンパイル中
                 with
                 [
                     block_size_=128,
                     ExecutionGroup=thrust::system::cuda::detail::bulk_::parallel_group<thrust::system::cuda::detail::bulk_::concurrent_group<thrust::system::cuda::detail::bulk_::agent<0x09>,0x080>,0x00>,
                     Closure=thrust::system::cuda::detail::bulk_::detail::closure<thrust::system::cuda::detail::scan_detail::accumulate_tiles,thrust::tuple<thrust::system::cuda::detail::bulk_::detail::cursor<1>,thrust::device_ptr<unsigned int>,thrust::system::cuda::detail::aligned_decomposition<__int64>,thrust::detail::normal_iterator<thrust::pointer<unsigned int,thrust::system::cuda::detail::tag,thrust::use_default,thrust::use_default>>,thrust::plus<unsigned int>,thrust::null_type,thrust::null_type,thrust::null_type,thrust::null_type,thrust::null_type>>
                 ]
                 C:\Program Files\NVIDIA GPU Computing Toolkit\CUDA\v7.0\include\thrust/system/cuda/detail/bulk/detail/cuda_launcher/cuda_launcher.hpp(228) : コンパイルされたクラスの テンプレート のインスタンス化 'thrust::system::cuda::detail::bulk_::detail::cuda_launcher_base<block_size_,ExecutionGroup,Closure>' の参照を確認してください
                 with
                 [
                     block_size_=128,
                     ExecutionGroup=thrust::system::cuda::detail::bulk_::parallel_group<thrust::system::cuda::detail::bulk_::concurrent_group<thrust::system::cuda::detail::bulk_::agent<0x09>,0x080>,0x00>,
                     Closure=thrust::system::cuda::detail::bulk_::detail::closure<thrust::system::cuda::detail::scan_detail::accumulate_tiles,thrust::tuple<thrust::system::cuda::detail::bulk_::detail::cursor<1>,thrust::device_ptr<unsigned int>,thrust::system::cuda::detail::aligned_decomposition<__int64>,thrust::detail::normal_iterator<thrust::pointer<unsigned int,thrust::system::cuda::detail::tag,thrust::use_default,thrust::use_default>>,thrust::plus<unsigned int>,thrust::null_type,thrust::null_type,thrust::null_type,thrust::null_type,thrust::null_type>>
                 ]
                 C:\Program Files\NVIDIA GPU Computing Toolkit\CUDA\v7.0\include\thrust/system/cuda/detail/bulk/detail/async.inl(45) : コンパイルされたクラスの テンプレート のインスタンス化 'thrust::system::cuda::detail::bulk_::detail::cuda_launcher<ExecutionGroup,Closure>' の参照を確認してください
                 with
                 [
                     ExecutionGroup=thrust::system::cuda::detail::bulk_::parallel_group<thrust::system::cuda::detail::bulk_::concurrent_group<thrust::system::cuda::detail::bulk_::agent<0x09>,0x080>,0x00>,
                     Closure=thrust::system::cuda::detail::bulk_::detail::closure<thrust::system::cuda::detail::scan_detail::accumulate_tiles,thrust::tuple<thrust::system::cuda::detail::bulk_::detail::cursor<1>,thrust::device_ptr<unsigned int>,thrust::system::cuda::detail::aligned_decomposition<__int64>,thrust::detail::normal_iterator<thrust::pointer<unsigned int,thrust::system::cuda::detail::tag,thrust::use_default,thrust::use_default>>,thrust::plus<unsigned int>,thrust::null_type,thrust::null_type,thrust::null_type,thrust::null_type,thrust::null_type>>
                 ]
                 C:\Program Files\NVIDIA GPU Computing Toolkit\CUDA\v7.0\include\thrust/system/cuda/detail/bulk/detail/async.inl(96) : コンパイルされたクラスの テンプレート のインスタンス化 'thrust::system::cuda::detail::bulk_::future<void> thrust::system::cuda::detail::bulk_::detail::async_in_stream<ExecutionAgent,Closure>(ExecutionGroup,Closure,cudaStream_t,cudaEvent_t)' の参照を確認してください
                 with
                 [
                     ExecutionAgent=thrust::system::cuda::detail::bulk_::parallel_group<thrust::system::cuda::detail::bulk_::concurrent_group<thrust::system::cuda::detail::bulk_::agent<0x09>,0x080>,0x00>,
                     Closure=thrust::system::cuda::detail::bulk_::detail::closure<thrust::system::cuda::detail::scan_detail::accumulate_tiles,thrust::tuple<thrust::system::cuda::detail::bulk_::detail::cursor<1>,thrust::device_ptr<unsigned int>,thrust::system::cuda::detail::aligned_decomposition<__int64>,thrust::detail::normal_iterator<thrust::pointer<unsigned int,thrust::system::cuda::detail::tag,thrust::use_default,thrust::use_default>>,thrust::plus<unsigned int>,thrust::null_type,thrust::null_type,thrust::null_type,thrust::null_type,thrust::null_type>>,
                     ExecutionGroup=thrust::system::cuda::detail::bulk_::parallel_group<thrust::system::cuda::detail::bulk_::concurrent_group<thrust::system::cuda::detail::bulk_::agent<0x09>,0x080>,0x00>
                 ]
                 C:\Program Files\NVIDIA GPU Computing Toolkit\CUDA\v7.0\include\thrust/system/cuda/detail/bulk/detail/async.inl(149) : コンパイルされたクラスの テンプレート のインスタンス化 'thrust::system::cuda::detail::bulk_::future<void> thrust::system::cuda::detail::bulk_::detail::async<thrust::system::cuda::detail::bulk_::parallel_group<ExecutionAgent,size_>,thrust::system::cuda::detail::bulk_::detail::closure<Function,Tuple>>(thrust::system::cuda::detail::bulk_::async_launch<thrust::system::cuda::detail::bulk_::parallel_group<ExecutionAgent,size_>>,Closure)' の参照を確認してください
                 with
                 [
                     ExecutionAgent=thrust::system::cuda::detail::bulk_::concurrent_group<thrust::system::cuda::detail::bulk_::agent<0x09>,0x080>,
                     size_=0x00,
                     Function=thrust::system::cuda::detail::scan_detail::accumulate_tiles,
                     Tuple=thrust::tuple<thrust::system::cuda::detail::bulk_::detail::cursor<1>,thrust::device_ptr<unsigned int>,thrust::system::cuda::detail::aligned_decomposition<__int64>,thrust::detail::normal_iterator<thrust::pointer<unsigned int,thrust::system::cuda::detail::tag,thrust::use_default,thrust::use_default>>,thrust::plus<unsigned int>,thrust::null_type,thrust::null_type,thrust::null_type,thrust::null_type,thrust::null_type>,
                     Closure=thrust::system::cuda::detail::bulk_::detail::closure<thrust::system::cuda::detail::scan_detail::accumulate_tiles,thrust::tuple<thrust::system::cuda::detail::bulk_::detail::cursor<1>,thrust::device_ptr<unsigned int>,thrust::system::cuda::detail::aligned_decomposition<__int64>,thrust::detail::normal_iterator<thrust::pointer<unsigned int,thrust::system::cuda::detail::tag,thrust::use_default,thrust::use_default>>,thrust::plus<unsigned int>,thrust::null_type,thrust::null_type,thrust::null_type,thrust::null_type,thrust::null_type>>
                 ]
                 C:\Program Files\NVIDIA GPU Computing Toolkit\CUDA\v7.0\include\thrust/system/cuda/detail/scan.inl(347) : コンパイルされたクラスの テンプレート のインスタンス化 'thrust::system::cuda::detail::bulk_::future<void> thrust::system::cuda::detail::bulk_::async<thrust::system::cuda::detail::bulk_::async_launch<ExecutionAgent>,thrust::system::cuda::detail::scan_detail::accumulate_tiles,thrust::system::cuda::detail::bulk_::detail::cursor<d>,InputIterator,thrust::system::cuda::detail::aligned_decomposition<Size>,thrust::detail::normal_iterator<Pointer>,AssociativeOperator>(ExecutionGroup,Function,Arg1,Arg2,Arg3,Arg4,Arg5)' の参照を確認してください
                 with
                 [
                     ExecutionAgent=thrust::system::cuda::detail::bulk_::parallel_group<thrust::system::cuda::detail::bulk_::concurrent_group<thrust::system::cuda::detail::bulk_::agent<0x09>,0x080>,0x00>,
                     d=1,
                     InputIterator=thrust::device_ptr<unsigned int>,
                     Size=__int64,
                     Pointer=thrust::pointer<unsigned int,thrust::system::cuda::detail::tag,thrust::use_default,thrust::use_default>,
                     AssociativeOperator=thrust::plus<unsigned int>,
                     ExecutionGroup=thrust::system::cuda::detail::bulk_::async_launch<thrust::system::cuda::detail::bulk_::parallel_group<thrust::system::cuda::detail::bulk_::concurrent_group<thrust::system::cuda::detail::bulk_::agent<0x09>,0x080>,0x00>>,
                     Function=thrust::system::cuda::detail::scan_detail::accumulate_tiles,
                     Arg1=thrust::system::cuda::detail::bulk_::detail::cursor<1>,
                     Arg2=thrust::device_ptr<unsigned int>,
                     Arg3=thrust::system::cuda::detail::aligned_decomposition<__int64>,
                     Arg4=thrust::detail::normal_iterator<thrust::pointer<unsigned int,thrust::system::cuda::detail::tag,thrust::use_default,thrust::use_default>>,
                     Arg5=thrust::plus<unsigned int>
                 ]
     1>C:\Program Files\NVIDIA GPU Computing Toolkit\CUDA\v7.0\include\thrust/system/cuda/detail/bulk/detail/cuda_launcher/cuda_launcher.hpp(155): warning C4267: 'return' : 'size_t' から 'int' に変換しました。データが失われているかもしれません。
                 C:\Program Files\NVIDIA GPU Computing Toolkit\CUDA\v7.0\include\thrust/system/cuda/detail/bulk/detail/cuda_launcher/cuda_launcher.hpp(148): クラス テンプレート のメンバー関数 'int thrust::system::cuda::detail::bulk_::detail::cuda_launcher_base<block_size_,ExecutionGroup,Closure>::choose_group_size(int)' のコンパイル中
                 with
                 [
                     block_size_=256,
                     ExecutionGroup=thrust::system::cuda::detail::bulk_::parallel_group<thrust::system::cuda::detail::bulk_::concurrent_group<thrust::system::cuda::detail::bulk_::agent<0x03>,0x0100>,0x00>,
                     Closure=thrust::system::cuda::detail::bulk_::detail::closure<thrust::system::cuda::detail::scan_detail::exclusive_scan_n,thrust::tuple<thrust::system::cuda::detail::bulk_::detail::cursor<1>,thrust::detail::normal_iterator<thrust::pointer<unsigned int,thrust::system::cuda::detail::tag,thrust::use_default,thrust::use_default>>,__int64,thrust::detail::normal_iterator<thrust::pointer<unsigned int,thrust::system::cuda::detail::tag,thrust::use_default,thrust::use_default>>,unsigned int,thrust::plus<unsigned int>,thrust::null_type,thrust::null_type,thrust::null_type,thrust::null_type>>
                 ]
                 C:\Program Files\NVIDIA GPU Computing Toolkit\CUDA\v7.0\include\thrust/system/cuda/detail/bulk/detail/cuda_launcher/cuda_launcher.hpp(228) : コンパイルされたクラスの テンプレート のインスタンス化 'thrust::system::cuda::detail::bulk_::detail::cuda_launcher_base<block_size_,ExecutionGroup,Closure>' の参照を確認してください
                 with
                 [
                     block_size_=256,
                     ExecutionGroup=thrust::system::cuda::detail::bulk_::parallel_group<thrust::system::cuda::detail::bulk_::concurrent_group<thrust::system::cuda::detail::bulk_::agent<0x03>,0x0100>,0x00>,
                     Closure=thrust::system::cuda::detail::bulk_::detail::closure<thrust::system::cuda::detail::scan_detail::exclusive_scan_n,thrust::tuple<thrust::system::cuda::detail::bulk_::detail::cursor<1>,thrust::detail::normal_iterator<thrust::pointer<unsigned int,thrust::system::cuda::detail::tag,thrust::use_default,thrust::use_default>>,__int64,thrust::detail::normal_iterator<thrust::pointer<unsigned int,thrust::system::cuda::detail::tag,thrust::use_default,thrust::use_default>>,unsigned int,thrust::plus<unsigned int>,thrust::null_type,thrust::null_type,thrust::null_type,thrust::null_type>>
                 ]
                 C:\Program Files\NVIDIA GPU Computing Toolkit\CUDA\v7.0\include\thrust/system/cuda/detail/bulk/detail/async.inl(45) : コンパイルされたクラスの テンプレート のインスタンス化 'thrust::system::cuda::detail::bulk_::detail::cuda_launcher<ExecutionGroup,Closure>' の参照を確認してください
                 with
                 [
                     ExecutionGroup=thrust::system::cuda::detail::bulk_::parallel_group<thrust::system::cuda::detail::bulk_::concurrent_group<thrust::system::cuda::detail::bulk_::agent<0x03>,0x0100>,0x00>,
                     Closure=thrust::system::cuda::detail::bulk_::detail::closure<thrust::system::cuda::detail::scan_detail::exclusive_scan_n,thrust::tuple<thrust::system::cuda::detail::bulk_::detail::cursor<1>,thrust::detail::normal_iterator<thrust::pointer<unsigned int,thrust::system::cuda::detail::tag,thrust::use_default,thrust::use_default>>,__int64,thrust::detail::normal_iterator<thrust::pointer<unsigned int,thrust::system::cuda::detail::tag,thrust::use_default,thrust::use_default>>,unsigned int,thrust::plus<unsigned int>,thrust::null_type,thrust::null_type,thrust::null_type,thrust::null_type>>
                 ]
                 C:\Program Files\NVIDIA GPU Computing Toolkit\CUDA\v7.0\include\thrust/system/cuda/detail/bulk/detail/async.inl(96) : コンパイルされたクラスの テンプレート のインスタンス化 'thrust::system::cuda::detail::bulk_::future<void> thrust::system::cuda::detail::bulk_::detail::async_in_stream<ExecutionAgent,Closure>(ExecutionGroup,Closure,cudaStream_t,cudaEvent_t)' の参照を確認してください
                 with
                 [
                     ExecutionAgent=thrust::system::cuda::detail::bulk_::parallel_group<thrust::system::cuda::detail::bulk_::concurrent_group<thrust::system::cuda::detail::bulk_::agent<0x03>,0x0100>,0x00>,
                     Closure=thrust::system::cuda::detail::bulk_::detail::closure<thrust::system::cuda::detail::scan_detail::exclusive_scan_n,thrust::tuple<thrust::system::cuda::detail::bulk_::detail::cursor<1>,thrust::detail::normal_iterator<thrust::pointer<unsigned int,thrust::system::cuda::detail::tag,thrust::use_default,thrust::use_default>>,__int64,thrust::detail::normal_iterator<thrust::pointer<unsigned int,thrust::system::cuda::detail::tag,thrust::use_default,thrust::use_default>>,unsigned int,thrust::plus<unsigned int>,thrust::null_type,thrust::null_type,thrust::null_type,thrust::null_type>>,
                     ExecutionGroup=thrust::system::cuda::detail::bulk_::parallel_group<thrust::system::cuda::detail::bulk_::concurrent_group<thrust::system::cuda::detail::bulk_::agent<0x03>,0x0100>,0x00>
                 ]
                 C:\Program Files\NVIDIA GPU Computing Toolkit\CUDA\v7.0\include\thrust/system/cuda/detail/bulk/detail/async.inl(157) : コンパイルされたクラスの テンプレート のインスタンス化 'thrust::system::cuda::detail::bulk_::future<void> thrust::system::cuda::detail::bulk_::detail::async<thrust::system::cuda::detail::bulk_::parallel_group<ExecutionAgent,size_>,thrust::system::cuda::detail::bulk_::detail::closure<Function,Tuple>>(thrust::system::cuda::detail::bulk_::async_launch<thrust::system::cuda::detail::bulk_::parallel_group<ExecutionAgent,size_>>,Closure)' の参照を確認してください
                 with
                 [
                     ExecutionAgent=thrust::system::cuda::detail::bulk_::concurrent_group<thrust::system::cuda::detail::bulk_::agent<0x03>,0x0100>,
                     size_=0x00,
                     Function=thrust::system::cuda::detail::scan_detail::exclusive_scan_n,
                     Tuple=thrust::tuple<thrust::system::cuda::detail::bulk_::detail::cursor<1>,thrust::detail::normal_iterator<thrust::pointer<unsigned int,thrust::system::cuda::detail::tag,thrust::use_default,thrust::use_default>>,__int64,thrust::detail::normal_iterator<thrust::pointer<unsigned int,thrust::system::cuda::detail::tag,thrust::use_default,thrust::use_default>>,unsigned int,thrust::plus<unsigned int>,thrust::null_type,thrust::null_type,thrust::null_type,thrust::null_type>,
                     Closure=thrust::system::cuda::detail::bulk_::detail::closure<thrust::system::cuda::detail::scan_detail::exclusive_scan_n,thrust::tuple<thrust::system::cuda::detail::bulk_::detail::cursor<1>,thrust::detail::normal_iterator<thrust::pointer<unsigned int,thrust::system::cuda::detail::tag,thrust::use_default,thrust::use_default>>,__int64,thrust::detail::normal_iterator<thrust::pointer<unsigned int,thrust::system::cuda::detail::tag,thrust::use_default,thrust::use_default>>,unsigned int,thrust::plus<unsigned int>,thrust::null_type,thrust::null_type,thrust::null_type,thrust::null_type>>
                 ]
                 C:\Program Files\NVIDIA GPU Computing Toolkit\CUDA\v7.0\include\thrust/system/cuda/detail/scan.inl(356) : コンパイルされたクラスの テンプレート のインスタンス化 'thrust::system::cuda::detail::bulk_::future<void> thrust::system::cuda::detail::bulk_::async<thrust::system::cuda::detail::bulk_::async_launch<ExecutionAgent>,thrust::system::cuda::detail::scan_detail::exclusive_scan_n,thrust::system::cuda::detail::bulk_::detail::cursor<d>,thrust::detail::normal_iterator<Pointer>,Size,thrust::detail::normal_iterator<Pointer>,T,AssociativeOperator>(ExecutionGroup,Function,Arg1,Arg2,Arg3,Arg4,Arg5,Arg6)' の参照を確認してください
                 with
                 [
                     ExecutionAgent=thrust::system::cuda::detail::bulk_::parallel_group<thrust::system::cuda::detail::bulk_::concurrent_group<thrust::system::cuda::detail::bulk_::agent<0x03>,0x0100>,0x00>,
                     d=1,
                     Pointer=thrust::pointer<unsigned int,thrust::system::cuda::detail::tag,thrust::use_default,thrust::use_default>,
                     T=ValueType,
                     AssociativeOperator=thrust::plus<unsigned int>,
                     ExecutionGroup=thrust::system::cuda::detail::bulk_::async_launch<thrust::system::cuda::detail::bulk_::parallel_group<thrust::system::cuda::detail::bulk_::concurrent_group<thrust::system::cuda::detail::bulk_::agent<0x03>,0x0100>,0x00>>,
                     Function=thrust::system::cuda::detail::scan_detail::exclusive_scan_n,
                     Arg1=thrust::system::cuda::detail::bulk_::detail::cursor<1>,
                     Arg2=thrust::detail::normal_iterator<thrust::pointer<unsigned int,thrust::system::cuda::detail::tag,thrust::use_default,thrust::use_default>>,
                     Arg3=Size,
                     Arg4=thrust::detail::normal_iterator<thrust::pointer<unsigned int,thrust::system::cuda::detail::tag,thrust::use_default,thrust::use_default>>,
                     Arg5=ValueType,
                     Arg6=thrust::plus<unsigned int>
                 ]
     1>C:\Program Files\NVIDIA GPU Computing Toolkit\CUDA\v7.0\include\thrust/system/cuda/detail/bulk/detail/cuda_launcher/cuda_launcher.hpp(155): warning C4267: 'return' : 'size_t' から 'int' に変換しました。データが失われているかもしれません。
                 C:\Program Files\NVIDIA GPU Computing Toolkit\CUDA\v7.0\include\thrust/system/cuda/detail/bulk/detail/cuda_launcher/cuda_launcher.hpp(148): クラス テンプレート のメンバー関数 'int thrust::system::cuda::detail::bulk_::detail::cuda_launcher_base<block_size_,ExecutionGroup,Closure>::choose_group_size(int)' のコンパイル中
                 with
                 [
                     block_size_=128,
                     ExecutionGroup=thrust::system::cuda::detail::bulk_::parallel_group<thrust::system::cuda::detail::bulk_::concurrent_group<thrust::system::cuda::detail::bulk_::agent<0x09>,0x080>,0x00>,
                     Closure=thrust::system::cuda::detail::bulk_::detail::closure<thrust::system::cuda::detail::scan_detail::exclusive_downsweep,thrust::tuple<thrust::system::cuda::detail::bulk_::detail::cursor<1>,thrust::device_ptr<unsigned int>,thrust::system::cuda::detail::aligned_decomposition<__int64>,thrust::detail::normal_iterator<thrust::pointer<unsigned int,thrust::system::cuda::detail::tag,thrust::use_default,thrust::use_default>>,thrust::device_ptr<unsigned int>,thrust::plus<unsigned int>,thrust::null_type,thrust::null_type,thrust::null_type,thrust::null_type>>
                 ]
                 C:\Program Files\NVIDIA GPU Computing Toolkit\CUDA\v7.0\include\thrust/system/cuda/detail/bulk/detail/cuda_launcher/cuda_launcher.hpp(228) : コンパイルされたクラスの テンプレート のインスタンス化 'thrust::system::cuda::detail::bulk_::detail::cuda_launcher_base<block_size_,ExecutionGroup,Closure>' の参照を確認してください
                 with
                 [
                     block_size_=128,
                     ExecutionGroup=thrust::system::cuda::detail::bulk_::parallel_group<thrust::system::cuda::detail::bulk_::concurrent_group<thrust::system::cuda::detail::bulk_::agent<0x09>,0x080>,0x00>,
                     Closure=thrust::system::cuda::detail::bulk_::detail::closure<thrust::system::cuda::detail::scan_detail::exclusive_downsweep,thrust::tuple<thrust::system::cuda::detail::bulk_::detail::cursor<1>,thrust::device_ptr<unsigned int>,thrust::system::cuda::detail::aligned_decomposition<__int64>,thrust::detail::normal_iterator<thrust::pointer<unsigned int,thrust::system::cuda::detail::tag,thrust::use_default,thrust::use_default>>,thrust::device_ptr<unsigned int>,thrust::plus<unsigned int>,thrust::null_type,thrust::null_type,thrust::null_type,thrust::null_type>>
                 ]
                 C:\Program Files\NVIDIA GPU Computing Toolkit\CUDA\v7.0\include\thrust/system/cuda/detail/bulk/detail/async.inl(45) : コンパイルされたクラスの テンプレート のインスタンス化 'thrust::system::cuda::detail::bulk_::detail::cuda_launcher<ExecutionGroup,Closure>' の参照を確認してください
                 with
                 [
                     ExecutionGroup=thrust::system::cuda::detail::bulk_::parallel_group<thrust::system::cuda::detail::bulk_::concurrent_group<thrust::system::cuda::detail::bulk_::agent<0x09>,0x080>,0x00>,
                     Closure=thrust::system::cuda::detail::bulk_::detail::closure<thrust::system::cuda::detail::scan_detail::exclusive_downsweep,thrust::tuple<thrust::system::cuda::detail::bulk_::detail::cursor<1>,thrust::device_ptr<unsigned int>,thrust::system::cuda::detail::aligned_decomposition<__int64>,thrust::detail::normal_iterator<thrust::pointer<unsigned int,thrust::system::cuda::detail::tag,thrust::use_default,thrust::use_default>>,thrust::device_ptr<unsigned int>,thrust::plus<unsigned int>,thrust::null_type,thrust::null_type,thrust::null_type,thrust::null_type>>
                 ]
                 C:\Program Files\NVIDIA GPU Computing Toolkit\CUDA\v7.0\include\thrust/system/cuda/detail/bulk/detail/async.inl(96) : コンパイルされたクラスの テンプレート のインスタンス化 'thrust::system::cuda::detail::bulk_::future<void> thrust::system::cuda::detail::bulk_::detail::async_in_stream<ExecutionAgent,Closure>(ExecutionGroup,Closure,cudaStream_t,cudaEvent_t)' の参照を確認してください
                 with
                 [
                     ExecutionAgent=thrust::system::cuda::detail::bulk_::parallel_group<thrust::system::cuda::detail::bulk_::concurrent_group<thrust::system::cuda::detail::bulk_::agent<0x09>,0x080>,0x00>,
                     Closure=thrust::system::cuda::detail::bulk_::detail::closure<thrust::system::cuda::detail::scan_detail::exclusive_downsweep,thrust::tuple<thrust::system::cuda::detail::bulk_::detail::cursor<1>,thrust::device_ptr<unsigned int>,thrust::system::cuda::detail::aligned_decomposition<__int64>,thrust::detail::normal_iterator<thrust::pointer<unsigned int,thrust::system::cuda::detail::tag,thrust::use_default,thrust::use_default>>,thrust::device_ptr<unsigned int>,thrust::plus<unsigned int>,thrust::null_type,thrust::null_type,thrust::null_type,thrust::null_type>>,
                     ExecutionGroup=thrust::system::cuda::detail::bulk_::parallel_group<thrust::system::cuda::detail::bulk_::concurrent_group<thrust::system::cuda::detail::bulk_::agent<0x09>,0x080>,0x00>
                 ]
                 C:\Program Files\NVIDIA GPU Computing Toolkit\CUDA\v7.0\include\thrust/system/cuda/detail/bulk/detail/async.inl(157) : コンパイルされたクラスの テンプレート のインスタンス化 'thrust::system::cuda::detail::bulk_::future<void> thrust::system::cuda::detail::bulk_::detail::async<thrust::system::cuda::detail::bulk_::parallel_group<ExecutionAgent,size_>,thrust::system::cuda::detail::bulk_::detail::closure<Function,Tuple>>(thrust::system::cuda::detail::bulk_::async_launch<thrust::system::cuda::detail::bulk_::parallel_group<ExecutionAgent,size_>>,Closure)' の参照を確認してください
                 with
                 [
                     ExecutionAgent=thrust::system::cuda::detail::bulk_::concurrent_group<thrust::system::cuda::detail::bulk_::agent<0x09>,0x080>,
                     size_=0x00,
                     Function=thrust::system::cuda::detail::scan_detail::exclusive_downsweep,
                     Tuple=thrust::tuple<thrust::system::cuda::detail::bulk_::detail::cursor<1>,thrust::device_ptr<unsigned int>,thrust::system::cuda::detail::aligned_decomposition<__int64>,thrust::detail::normal_iterator<thrust::pointer<unsigned int,thrust::system::cuda::detail::tag,thrust::use_default,thrust::use_default>>,thrust::device_ptr<unsigned int>,thrust::plus<unsigned int>,thrust::null_type,thrust::null_type,thrust::null_type,thrust::null_type>,
                     Closure=thrust::system::cuda::detail::bulk_::detail::closure<thrust::system::cuda::detail::scan_detail::exclusive_downsweep,thrust::tuple<thrust::system::cuda::detail::bulk_::detail::cursor<1>,thrust::device_ptr<unsigned int>,thrust::system::cuda::detail::aligned_decomposition<__int64>,thrust::detail::normal_iterator<thrust::pointer<unsigned int,thrust::system::cuda::detail::tag,thrust::use_default,thrust::use_default>>,thrust::device_ptr<unsigned int>,thrust::plus<unsigned int>,thrust::null_type,thrust::null_type,thrust::null_type,thrust::null_type>>
                 ]
                 C:\Program Files\NVIDIA GPU Computing Toolkit\CUDA\v7.0\include\thrust/system/cuda/detail/scan.inl(365) : コンパイルされたクラスの テンプレート のインスタンス化 'thrust::system::cuda::detail::bulk_::future<void> thrust::system::cuda::detail::bulk_::async<thrust::system::cuda::detail::bulk_::async_launch<ExecutionAgent>,thrust::system::cuda::detail::scan_detail::exclusive_downsweep,thrust::system::cuda::detail::bulk_::detail::cursor<d>,InputIterator,thrust::system::cuda::detail::aligned_decomposition<Size>,thrust::detail::normal_iterator<Pointer>,OutputIterator,AssociativeOperator>(ExecutionGroup,Function,Arg1,Arg2,Arg3,Arg4,Arg5,Arg6)' の参照を確認してください
                 with
                 [
                     ExecutionAgent=thrust::system::cuda::detail::bulk_::parallel_group<thrust::system::cuda::detail::bulk_::concurrent_group<thrust::system::cuda::detail::bulk_::agent<0x09>,0x080>,0x00>,
                     d=1,
                     InputIterator=thrust::device_ptr<unsigned int>,
                     Size=__int64,
                     Pointer=thrust::pointer<unsigned int,thrust::system::cuda::detail::tag,thrust::use_default,thrust::use_default>,
                     OutputIterator=thrust::device_ptr<unsigned int>,
                     AssociativeOperator=thrust::plus<unsigned int>,
                     ExecutionGroup=thrust::system::cuda::detail::bulk_::async_launch<thrust::system::cuda::detail::bulk_::parallel_group<thrust::system::cuda::detail::bulk_::concurrent_group<thrust::system::cuda::detail::bulk_::agent<0x09>,0x080>,0x00>>,
                     Function=thrust::system::cuda::detail::scan_detail::exclusive_downsweep,
                     Arg1=thrust::system::cuda::detail::bulk_::detail::cursor<1>,
                     Arg2=thrust::device_ptr<unsigned int>,
                     Arg3=thrust::system::cuda::detail::aligned_decomposition<__int64>,
                     Arg4=thrust::detail::normal_iterator<thrust::pointer<unsigned int,thrust::system::cuda::detail::tag,thrust::use_default,thrust::use_default>>,
                     Arg5=thrust::device_ptr<unsigned int>,
                     Arg6=thrust::plus<unsigned int>
                 ]
     1>C:\Program Files\NVIDIA GPU Computing Toolkit\CUDA\v7.0\include\thrust/system/cuda/detail/bulk/detail/cuda_launcher/cuda_launcher.hpp(85): warning C4267: 'return' : 'size_t' から 'int' に変換しました。データが失われているかもしれません。
                 C:\Program Files\NVIDIA GPU Computing Toolkit\CUDA\v7.0\include\thrust/system/cuda/detail/bulk/detail/cuda_launcher/cuda_launcher.hpp(84): クラス テンプレート のメンバー関数 'int thrust::system::cuda::detail::bulk_::detail::cuda_launcher_base<block_size_,ExecutionGroup,Closure>::max_active_blocks_per_multiprocessor(const thrust::system::cuda::detail::bulk_::detail::device_properties_t &,const thrust::system::cuda::detail::bulk_::detail::function_attributes_t &,int,int)' のコンパイル中
                 with
                 [
                     block_size_=512,
                     ExecutionGroup=thrust::system::cuda::detail::bulk_::parallel_group<thrust::system::cuda::detail::bulk_::concurrent_group<thrust::system::cuda::detail::bulk_::agent<0x03>,0x0200>,0x00>,
                     Closure=thrust::system::cuda::detail::bulk_::detail::closure<thrust::system::cuda::detail::scan_detail::exclusive_scan_n,thrust::tuple<thrust::system::cuda::detail::bulk_::detail::cursor<1>,thrust::device_ptr<unsigned int>,__int64,thrust::device_ptr<unsigned int>,unsigned int,thrust::plus<unsigned int>,thrust::null_type,thrust::null_type,thrust::null_type,thrust::null_type>>
                 ]
     1>C:\Program Files\NVIDIA GPU Computing Toolkit\CUDA\v7.0\include\thrust/system/cuda/detail/bulk/detail/cuda_launcher/cuda_launcher.hpp(85): warning C4267: 'return' : 'size_t' から 'int' に変換しました。データが失われているかもしれません。
                 C:\Program Files\NVIDIA GPU Computing Toolkit\CUDA\v7.0\include\thrust/system/cuda/detail/bulk/detail/cuda_launcher/cuda_launcher.hpp(84): クラス テンプレート のメンバー関数 'int thrust::system::cuda::detail::bulk_::detail::cuda_launcher_base<block_size_,ExecutionGroup,Closure>::max_active_blocks_per_multiprocessor(const thrust::system::cuda::detail::bulk_::detail::device_properties_t &,const thrust::system::cuda::detail::bulk_::detail::function_attributes_t &,int,int)' のコンパイル中
                 with
                 [
                     block_size_=128,
                     ExecutionGroup=thrust::system::cuda::detail::bulk_::parallel_group<thrust::system::cuda::detail::bulk_::concurrent_group<thrust::system::cuda::detail::bulk_::agent<0x09>,0x080>,0x00>,
                     Closure=thrust::system::cuda::detail::bulk_::detail::closure<thrust::system::cuda::detail::scan_detail::accumulate_tiles,thrust::tuple<thrust::system::cuda::detail::bulk_::detail::cursor<1>,thrust::device_ptr<unsigned int>,thrust::system::cuda::detail::aligned_decomposition<__int64>,thrust::detail::normal_iterator<thrust::pointer<unsigned int,thrust::system::cuda::detail::tag,thrust::use_default,thrust::use_default>>,thrust::plus<unsigned int>,thrust::null_type,thrust::null_type,thrust::null_type,thrust::null_type,thrust::null_type>>
                 ]
     1>C:\Program Files\NVIDIA GPU Computing Toolkit\CUDA\v7.0\include\thrust/system/cuda/detail/bulk/detail/cuda_launcher/cuda_launcher.hpp(85): warning C4267: 'return' : 'size_t' から 'int' に変換しました。データが失われているかもしれません。
                 C:\Program Files\NVIDIA GPU Computing Toolkit\CUDA\v7.0\include\thrust/system/cuda/detail/bulk/detail/cuda_launcher/cuda_launcher.hpp(84): クラス テンプレート のメンバー関数 'int thrust::system::cuda::detail::bulk_::detail::cuda_launcher_base<block_size_,ExecutionGroup,Closure>::max_active_blocks_per_multiprocessor(const thrust::system::cuda::detail::bulk_::detail::device_properties_t &,const thrust::system::cuda::detail::bulk_::detail::function_attributes_t &,int,int)' のコンパイル中
                 with
                 [
                     block_size_=256,
                     ExecutionGroup=thrust::system::cuda::detail::bulk_::parallel_group<thrust::system::cuda::detail::bulk_::concurrent_group<thrust::system::cuda::detail::bulk_::agent<0x03>,0x0100>,0x00>,
                     Closure=thrust::system::cuda::detail::bulk_::detail::closure<thrust::system::cuda::detail::scan_detail::exclusive_scan_n,thrust::tuple<thrust::system::cuda::detail::bulk_::detail::cursor<1>,thrust::detail::normal_iterator<thrust::pointer<unsigned int,thrust::system::cuda::detail::tag,thrust::use_default,thrust::use_default>>,__int64,thrust::detail::normal_iterator<thrust::pointer<unsigned int,thrust::system::cuda::detail::tag,thrust::use_default,thrust::use_default>>,unsigned int,thrust::plus<unsigned int>,thrust::null_type,thrust::null_type,thrust::null_type,thrust::null_type>>
                 ]
     1>C:\Program Files\NVIDIA GPU Computing Toolkit\CUDA\v7.0\include\thrust/system/cuda/detail/bulk/detail/cuda_launcher/cuda_launcher.hpp(85): warning C4267: 'return' : 'size_t' から 'int' に変換しました。データが失われているかもしれません。
                 C:\Program Files\NVIDIA GPU Computing Toolkit\CUDA\v7.0\include\thrust/system/cuda/detail/bulk/detail/cuda_launcher/cuda_launcher.hpp(84): クラス テンプレート のメンバー関数 'int thrust::system::cuda::detail::bulk_::detail::cuda_launcher_base<block_size_,ExecutionGroup,Closure>::max_active_blocks_per_multiprocessor(const thrust::system::cuda::detail::bulk_::detail::device_properties_t &,const thrust::system::cuda::detail::bulk_::detail::function_attributes_t &,int,int)' のコンパイル中
                 with
                 [
                     block_size_=128,
                     ExecutionGroup=thrust::system::cuda::detail::bulk_::parallel_group<thrust::system::cuda::detail::bulk_::concurrent_group<thrust::system::cuda::detail::bulk_::agent<0x09>,0x080>,0x00>,
                     Closure=thrust::system::cuda::detail::bulk_::detail::closure<thrust::system::cuda::detail::scan_detail::exclusive_downsweep,thrust::tuple<thrust::system::cuda::detail::bulk_::detail::cursor<1>,thrust::device_ptr<unsigned int>,thrust::system::cuda::detail::aligned_decomposition<__int64>,thrust::detail::normal_iterator<thrust::pointer<unsigned int,thrust::system::cuda::detail::tag,thrust::use_default,thrust::use_default>>,thrust::device_ptr<unsigned int>,thrust::plus<unsigned int>,thrust::null_type,thrust::null_type,thrust::null_type,thrust::null_type>>
                 ]
     1>C:\Program Files\NVIDIA GPU Computing Toolkit\CUDA\v7.0\include\thrust/detail/pair.inl(46): warning C4267: '初期化中' : 'size_t' から 'int' に変換しました。データが失われているかもしれません。
                 C:\Program Files\NVIDIA GPU Computing Toolkit\CUDA\v7.0\include\thrust/system/cuda/detail/bulk/detail/cuda_launcher/cuda_launcher.hpp(101) : コンパイルされたクラスの テンプレート のインスタンス化 'thrust::pair<T1,T2>::pair<size_t,int>(const thrust::pair<size_t,T2> &)' の参照を確認してください
                 with
                 [
                     T1=int,
                     T2=int
                 ]
                 C:\Program Files\NVIDIA GPU Computing Toolkit\CUDA\v7.0\include\thrust/system/cuda/detail/bulk/detail/cuda_launcher/cuda_launcher.hpp(94): クラス テンプレート のメンバー関数 'thrust::pair<T1,T2> thrust::system::cuda::detail::bulk_::detail::cuda_launcher_base<block_size_,ExecutionGroup,Closure>::dynamic_smem_occupancy_limit(const thrust::system::cuda::detail::bulk_::detail::device_properties_t &,const thrust::system::cuda::detail::bulk_::detail::function_attributes_t &,int,int)' のコンパイル中
                 with
                 [
                     T1=int,
                     T2=int,
                     block_size_=512,
                     ExecutionGroup=thrust::system::cuda::detail::bulk_::parallel_group<thrust::system::cuda::detail::bulk_::concurrent_group<thrust::system::cuda::detail::bulk_::agent<0x03>,0x0200>,0x00>,
                     Closure=thrust::system::cuda::detail::bulk_::detail::closure<thrust::system::cuda::detail::scan_detail::exclusive_scan_n,thrust::tuple<thrust::system::cuda::detail::bulk_::detail::cursor<1>,thrust::device_ptr<unsigned int>,__int64,thrust::device_ptr<unsigned int>,unsigned int,thrust::plus<unsigned int>,thrust::null_type,thrust::null_type,thrust::null_type,thrust::null_type>>
                 ]
       ClCompile:
         C:\Program Files (x86)\Microsoft Visual Studio 10.0\VC\bin\x86_amd64\CL.exe /c /I./ /I"C:\Program Files\NVIDIA GPU Computing Toolkit\CUDA\v7.0\/include" /I../../common/inc /Zi /nologo /W3 /WX- /O2 /GL /D WIN32 /D _MBCS /D _MBCS /Gm- /EHsc /MT /GS /fp:precise /Zc:wchar_t /Zc:forScope /Fo"x64/Release/" /Fd"x64/Release/vc100.pdb" /Gd /TP /errorReport:prompt BasicGeom.cpp Display.cpp Metaball.cpp
         BasicGeom.cpp
         Display.cpp
         Metaball.cpp
     1>C:\Program Files\NVIDIA GPU Computing Toolkit\CUDA\v7.0\include\cuda_runtime.h : warning C4819: ファイルは、現在のコード ページ (932) で表示できない文字を含んでいます。データの損失を防ぐために、ファイルを Unicode 形式で保存してください。
     1>c:\program files\nvidia gpu computing toolkit\cuda\v7.0\include\cuda_runtime_api.h(1970): warning C4819: ファイルは、現在のコード ページ (932) で表示できない文字を含んでいます。データの損失を防ぐために、ファイルを Unicode 形式で保存してください。
     1>c:\program files\nvidia gpu computing toolkit\cuda\v7.0\include\cuda_runtime_api.h(1970): warning C4819: ファイルは、現在のコード ページ (932) で表示できない文字を含んでいます。データの損失を防ぐために、ファイルを Unicode 形式で保存してください。
       Link:
         C:\Program Files (x86)\Microsoft Visual Studio 10.0\VC\bin\x86_amd64\link.exe /ERRORREPORT:PROMPT /OUT:"../../bin/win64/Release//Metaball.exe" /NOLOGO /LIBPATH:"C:\Program Files\NVIDIA GPU Computing Toolkit\CUDA\v7.0\lib\x64" /LIBPATH:../../common/lib/x64 glew64.lib cudart_static.lib freeglut.lib kernel32.lib user32.lib gdi32.lib winspool.lib comdlg32.lib advapi32.lib shell32.lib ole32.lib oleaut32.lib uuid.lib odbc32.lib odbccp32.lib kernel32.lib user32.lib gdi32.lib winspool.lib comdlg32.lib advapi32.lib shell32.lib ole32.lib oleaut32.lib uuid.lib odbc32.lib odbccp32.lib /MANIFEST /ManifestFile:"x64/Release/Metaball.exe.intermediate.manifest" /MANIFESTUAC:"level='asInvoker' uiAccess='false'" /PDB:"C:\ProgramData\NVIDIA Corporation\CUDA Samples\v7.0\bin\win64\Release\Metaball.pdb" /SUBSYSTEM:CONSOLE /LTCG /TLBID:1 /DYNAMICBASE /NXCOMPAT /IMPLIB:"../../bin/win64/Release/Metaball.lib" /MACHINE:X64 x64/Release/Metaball_kernel.cu.obj
         x64/Release/BasicGeom.obj
         x64/Release/Display.obj
         x64/Release/Metaball.obj
            ライブラリ ../../bin/win64/Release/Metaball.lib とオブジェクト ../../bin/win64/Release/Metaball.exp を作成中
         コード生成しています。
         コード生成が終了しました。
         Diffusion2D_vs2010.vcxproj -> C:\ProgramData\NVIDIA Corporation\CUDA Samples\v7.0\SamplePrograms_7_0\Sample9_Metaball_Scan\../../bin/win64/Release/Metaball.exe
       Manifest:
         C:\Program Files (x86)\Microsoft SDKs\Windows\v7.0A\bin\mt.exe /nologo /verbose /outputresource:"../../bin/win64/Release//Metaball.exe;#1" /manifest x64/Release/Metaball.exe.intermediate.manifest
       FinalizeBuildStatus:
         ファイル "x64/Release/Metaball.unsuccessfulbuild" を削除しています。
         "x64/Release/Metaball.lastbuildstate" のタッチ タスクを実行しています。
     1>プロジェクト "C:\ProgramData\NVIDIA Corporation\CUDA Samples\v7.0\SamplePrograms_7_0\Sample9_Metaball_Scan\Diffusion2D_vs2010.vcxproj" (rebuild ターゲット) のビルドが完了しました。

ビルドに成功しました。

経過時間 00:00:58.64
