C:\ProgramData\NVIDIA Corporation\CUDA Samples\v7.0\bin\win64\Release\Metaball.exp
C:\ProgramData\NVIDIA Corporation\CUDA Samples\v7.0\bin\win64\Release\Metaball.lib
C:\ProgramData\NVIDIA Corporation\CUDA Samples\v7.0\SamplePrograms_7_0\Sample10_Metaball_MC_Sort\../../bin/win64/Release/Metaball.exe
C:\PROGRAMDATA\NVIDIA CORPORATION\CUDA SAMPLES\V7.0\SAMPLEPROGRAMS_7_0\SAMPLE10_METABALL_MC_SORT\X64\RELEASE\BASICGEOM.OBJ
C:\ProgramData\NVIDIA Corporation\CUDA Samples\v7.0\SamplePrograms_7_0\Sample10_Metaball_MC_Sort\x64\Release\cl.command.1.tlog
C:\ProgramData\NVIDIA Corporation\CUDA Samples\v7.0\SamplePrograms_7_0\Sample10_Metaball_MC_Sort\x64\Release\CL.read.1.tlog
C:\ProgramData\NVIDIA Corporation\CUDA Samples\v7.0\SamplePrograms_7_0\Sample10_Metaball_MC_Sort\x64\Release\CL.write.1.tlog
C:\PROGRAMDATA\NVIDIA CORPORATION\CUDA SAMPLES\V7.0\SAMPLEPROGRAMS_7_0\SAMPLE10_METABALL_MC_SORT\X64\RELEASE\DISPLAY.OBJ
C:\ProgramData\NVIDIA Corporation\CUDA Samples\v7.0\SamplePrograms_7_0\Sample10_Metaball_MC_Sort\x64\Release\link.command.1.tlog
C:\ProgramData\NVIDIA Corporation\CUDA Samples\v7.0\SamplePrograms_7_0\Sample10_Metaball_MC_Sort\x64\Release\link.read.1.tlog
C:\ProgramData\NVIDIA Corporation\CUDA Samples\v7.0\SamplePrograms_7_0\Sample10_Metaball_MC_Sort\x64\Release\link.write.1.tlog
C:\PROGRAMDATA\NVIDIA CORPORATION\CUDA SAMPLES\V7.0\SAMPLEPROGRAMS_7_0\SAMPLE10_METABALL_MC_SORT\X64\RELEASE\MARHINGCUBES.OBJ
C:\PROGRAMDATA\NVIDIA CORPORATION\CUDA SAMPLES\V7.0\SAMPLEPROGRAMS_7_0\SAMPLE10_METABALL_MC_SORT\X64\RELEASE\METABALL.EXE.INTERMEDIATE.MANIFEST
C:\PROGRAMDATA\NVIDIA CORPORATION\CUDA SAMPLES\V7.0\SAMPLEPROGRAMS_7_0\SAMPLE10_METABALL_MC_SORT\X64\RELEASE\METABALL.OBJ
C:\ProgramData\NVIDIA Corporation\CUDA Samples\v7.0\SamplePrograms_7_0\Sample10_Metaball_MC_Sort\x64\Release\Metaball.write.1.tlog
C:\ProgramData\NVIDIA Corporation\CUDA Samples\v7.0\SamplePrograms_7_0\Sample10_Metaball_MC_Sort\x64\Release\Metaball_kernel.cu.cache
C:\ProgramData\NVIDIA Corporation\CUDA Samples\v7.0\SamplePrograms_7_0\Sample10_Metaball_MC_Sort\x64\Release\Metaball_kernel.cu.obj
C:\ProgramData\NVIDIA Corporation\CUDA Samples\v7.0\SamplePrograms_7_0\Sample10_Metaball_MC_Sort\x64\Release\mt.command.1.tlog
C:\ProgramData\NVIDIA Corporation\CUDA Samples\v7.0\SamplePrograms_7_0\Sample10_Metaball_MC_Sort\x64\Release\mt.read.1.tlog
C:\ProgramData\NVIDIA Corporation\CUDA Samples\v7.0\SamplePrograms_7_0\Sample10_Metaball_MC_Sort\x64\Release\mt.write.1.tlog
C:\PROGRAMDATA\NVIDIA CORPORATION\CUDA SAMPLES\V7.0\SAMPLEPROGRAMS_7_0\SAMPLE10_METABALL_MC_SORT\X64\RELEASE\VC100.PDB
