2015/07/22 14:40:10 にビルドを開始しました。
     1>ノード 2 上のプロジェクト "C:\ProgramData\NVIDIA Corporation\CUDA Samples\v7.0\SamplePrograms_7_0\Sample10_Metaball_MC_Sort\Metaball_vs2010.vcxproj" (build ターゲット)。
     1>InitializeBuildStatus:
         "AlwaysCreate" が指定されたため "x64/Release/Metaball.unsuccessfulbuild" を作成しています。
       AddCudaCompileDeps:
       すべての出力ファイルが入力ファイルに対して最新なので、ターゲット "AddCudaCompileDeps" を省略します。
       AddCudaCompilePropsDeps:
       すべての出力ファイルが入力ファイルに対して最新なので、ターゲット "AddCudaCompilePropsDeps" を省略します。
       CudaBuild:
       すべての出力ファイルが入力ファイルに対して最新なので、ターゲット "CudaBuild" を省略します。
       ClCompile:
         すべての出力が最新のものです。
       Link:
         すべての出力が最新のものです。
         Metaball_vs2010.vcxproj -> C:\ProgramData\NVIDIA Corporation\CUDA Samples\v7.0\SamplePrograms_7_0\Sample10_Metaball_MC_Sort\../../bin/win64/Release/Metaball.exe
       FinalizeBuildStatus:
         ファイル "x64/Release/Metaball.unsuccessfulbuild" を削除しています。
         "x64/Release/Metaball.lastbuildstate" のタッチ タスクを実行しています。
     1>プロジェクト "C:\ProgramData\NVIDIA Corporation\CUDA Samples\v7.0\SamplePrograms_7_0\Sample10_Metaball_MC_Sort\Metaball_vs2010.vcxproj" (build ターゲット) のビルドが完了しました。

ビルドに成功しました。

経過時間 00:00:00.09
