2015/07/16 15:36:43 にビルドを開始しました。
     1>ノード 2 上のプロジェクト "C:\ProgramData\NVIDIA Corporation\CUDA Samples\v7.0\JTCセミナー\3_Diffusion2D_GPU\Particle2D_vs2010.vcxproj" (build ターゲット)。
     1>InitializeBuildStatus:
         "AlwaysCreate" が指定されたため "x64/Release/Diffusion2D.unsuccessfulbuild" を作成しています。
       AddCudaCompileDeps:
       すべての出力ファイルが入力ファイルに対して最新なので、ターゲット "AddCudaCompileDeps" を省略します。
       AddCudaCompilePropsDeps:
       すべての出力ファイルが入力ファイルに対して最新なので、ターゲット "AddCudaCompilePropsDeps" を省略します。
       CudaBuild:
       すべての出力ファイルが入力ファイルに対して最新なので、ターゲット "CudaBuild" を省略します。
       ClCompile:
         すべての出力が最新のものです。
       Link:
         すべての出力が最新のものです。
         Particle2D_vs2010.vcxproj -> C:\ProgramData\NVIDIA Corporation\CUDA Samples\v7.0\JTCセミナー\3_Diffusion2D_GPU\../../bin/win64/Release/Diffusion2D.exe
       FinalizeBuildStatus:
         ファイル "x64/Release/Diffusion2D.unsuccessfulbuild" を削除しています。
         "x64/Release/Diffusion2D.lastbuildstate" のタッチ タスクを実行しています。
     1>プロジェクト "C:\ProgramData\NVIDIA Corporation\CUDA Samples\v7.0\JTCセミナー\3_Diffusion2D_GPU\Particle2D_vs2010.vcxproj" (build ターゲット) のビルドが完了しました。

ビルドに成功しました。

経過時間 00:00:00.04
